0 info it worked if it ends with ok
1 verbose cli [ 'C:\\Program Files\\nodejs\\\\node.exe',
1 verbose cli   'C:\\Program Files\\nodejs\\node_modules\\npm\\bin\\npm-cli.js',
1 verbose cli   'publish' ]
2 info using npm@2.11.3
3 info using node@v0.12.7
4 verbose publish [ '.' ]
5 silly cache add args [ '.', null ]
6 verbose cache add spec .
7 silly cache add parsed spec { raw: '.',
7 silly cache add   scope: null,
7 silly cache add   name: null,
7 silly cache add   rawSpec: '.',
7 silly cache add   spec: 'C:\\Node Packages\\bistep',
7 silly cache add   type: 'directory' }
8 verbose addLocalDirectory C:\Users\ateather\AppData\Roaming\npm-cache\bistep\1.1.1\package.tgz not in flight; packing
9 verbose tar pack [ 'C:\\Users\\ateather\\AppData\\Roaming\\npm-cache\\bistep\\1.1.1\\package.tgz',
9 verbose tar pack   'C:\\Node Packages\\bistep' ]
10 verbose tarball C:\Users\ateather\AppData\Roaming\npm-cache\bistep\1.1.1\package.tgz
11 verbose folder C:\Node Packages\bistep
12 info prepublish bistep@1.1.1
13 verbose addLocalTarball adding from inside cache C:\Users\ateather\AppData\Roaming\npm-cache\bistep\1.1.1\package.tgz
14 silly cache afterAdd bistep@1.1.1
15 verbose afterAdd C:\Users\ateather\AppData\Roaming\npm-cache\bistep\1.1.1\package\package.json not in flight; writing
16 verbose afterAdd C:\Users\ateather\AppData\Roaming\npm-cache\bistep\1.1.1\package\package.json written
17 silly publish { name: 'bistep',
17 silly publish   version: '1.1.1',
17 silly publish   description: 'Lightweight Bistep/Cycle based encryption for strings.',
17 silly publish   main: 'bistep.js',
17 silly publish   scripts: { test: 'echo "Error: no test specified" && exit 1' },
17 silly publish   repository:
17 silly publish    { type: 'git',
17 silly publish      url: 'git+https://github.com/ItsLofus/bistep.git' },
17 silly publish   keywords: [ 'encryption', 'bistep', 'cycle', 'string', 'json' ],
17 silly publish   author:
17 silly publish    { name: 'Anselm Teather',
17 silly publish      email: 'aeteather@gmail.com',
17 silly publish      url: 'http://isthat-him.tumblr.com' },
17 silly publish   license: 'MIT',
17 silly publish   bugs: { url: 'https://github.com/ItsLofus/bistep/issues' },
17 silly publish   homepage: 'https://github.com/ItsLofus/bistep#readme',
17 silly publish   readme: '# bistep.js\r\n\r\nA lightweight library for encrypting strings.\r\nUses a simple Bi-Step/Cycle based encryption. Remember to hide your keys appropriately.\r\nStrings are order and case sensitive.\r\n# Installation\r\n\tnpm install bistep\r\n\r\n# Usage\r\n\tvar bistep = require(\'bistep\');\r\n\tvar SomeKey = "AD2h";\r\n\tvar EncryptedString = bistep.Encrypt("Some thing", SomeKey);\r\n\tvar DecryptedString = bistep.Decrypt("]R{lzW9pNJ", SomeKey);\r\n\t\r\n\t//Do something with the strings\r\n\tconsole.log(EncryptedString + " --> " + DecryptedString);\r\n\r\n# Change Log\r\n\tv1.1.1:\r\n\t\tAdded support for the character \' \'\r\n\tv1.1:\r\n\t\tFixed bug with numbers not being supported\r\n\t\tRemoved support for escape sequences \r\n\t\t\t(Was causing headaches when hardcoding encrypted strings)\r\n\t\t\tLeft in support for the \'\\\' character\r\n\tv1.0:\r\n\t\tOriginal Code\r\n\t\r\n# FAQ\r\n## Q: What characters does bistep accept?\r\nA: bistep takes the following characters:\r\n```\r\nvar acceptableCharacters = "abcdefghijklmnopqrstuvwyxzABCDEFGHIJKLMNOPQRSTUVWXYZ1234567890=:;{},.[]*!@#$%^&-_+|~`<>()/\\\\ ";\r\n```\r\nThese are the only characters you can use in you strings. Also the only characters valid of keys.\r\n\r\n## Q: Decrypt isn\'t working! I\'m getting a string that still looks encrypted!\r\nA: Likely you are sending over a character in your string that is not supported. \r\nCheck to make sure that your program isn\'t translating any characters without you knowledge.\r\n\r\n## Q: I need to send bistep a string with an unsupported character, what do I do?\r\nA: Many different ways to handle this, but the thought is the same. Convert your string into an acceptable format using some method.\r\nMany have found Base64 translations to be useful. Give bistep a Base64 string, it\'ll encrypt it, and then it\'ll decrypt back into the sent Base64 string.',
17 silly publish   readmeFilename: 'README.md',
17 silly publish   gitHead: 'e8a65cd7b3c77ee7fda67649a1940adc8d187be9',
17 silly publish   _id: 'bistep@1.1.1',
17 silly publish   _shasum: 'ecef4cd3fc485eb282bef6b596acb2334a3cb4eb',
17 silly publish   _from: '.' }
18 verbose getPublishConfig undefined
19 silly mapToRegistry name bistep
20 silly mapToRegistry using default registry
21 silly mapToRegistry registry https://registry.npmjs.org/
22 silly mapToRegistry uri https://registry.npmjs.org/bistep
23 verbose publish registryBase https://registry.npmjs.org/
24 silly publish uploading C:\Users\ateather\AppData\Roaming\npm-cache\bistep\1.1.1\package.tgz
25 verbose request uri https://registry.npmjs.org/bistep
26 verbose request sending authorization for write operation
27 info attempt registry request try #1 at 12:08:42 PM
28 verbose request using bearer token for auth
29 verbose request id f43b88c5392e19c4
30 http request PUT https://registry.npmjs.org/bistep
31 http 403 https://registry.npmjs.org/bistep
32 verbose headers { 'content-type': 'application/json',
32 verbose headers   'cache-control': 'max-age=300',
32 verbose headers   'content-length': '95',
32 verbose headers   'accept-ranges': 'bytes',
32 verbose headers   date: 'Fri, 15 Jan 2016 17:08:43 GMT',
32 verbose headers   via: '1.1 varnish',
32 verbose headers   connection: 'keep-alive',
32 verbose headers   'x-served-by': 'cache-iad2143-IAD',
32 verbose headers   'x-cache': 'MISS',
32 verbose headers   'x-cache-hits': '0',
32 verbose headers   'x-timer': 'S1452877722.560305,VS0,VE814' }
33 verbose request invalidating C:\Users\ateather\AppData\Roaming\npm-cache\registry.npmjs.org\bistep on PUT
34 error publish Failed PUT 403
35 verbose stack Error: "You cannot publish over the previously published version 1.1.1." : bistep
35 verbose stack     at CachingRegistryClient.<anonymous> (C:\Program Files\nodejs\node_modules\npm\node_modules\npm-registry-client\lib\request.js:247:14)
35 verbose stack     at Request._callback (C:\Program Files\nodejs\node_modules\npm\node_modules\npm-registry-client\lib\request.js:170:14)
35 verbose stack     at Request.self.callback (C:\Program Files\nodejs\node_modules\npm\node_modules\request\request.js:354:22)
35 verbose stack     at Request.emit (events.js:110:17)
35 verbose stack     at Request.<anonymous> (C:\Program Files\nodejs\node_modules\npm\node_modules\request\request.js:1207:14)
35 verbose stack     at Request.emit (events.js:129:20)
35 verbose stack     at IncomingMessage.<anonymous> (C:\Program Files\nodejs\node_modules\npm\node_modules\request\request.js:1153:12)
35 verbose stack     at IncomingMessage.emit (events.js:129:20)
35 verbose stack     at _stream_readable.js:908:16
35 verbose stack     at process._tickCallback (node.js:355:11)
36 verbose statusCode 403
37 verbose pkgid bistep
38 verbose cwd C:\Node Packages\bistep
39 error Windows_NT 6.1.7601
40 error argv "C:\\Program Files\\nodejs\\\\node.exe" "C:\\Program Files\\nodejs\\node_modules\\npm\\bin\\npm-cli.js" "publish"
41 error node v0.12.7
42 error npm  v2.11.3
43 error code E403
44 error "You cannot publish over the previously published version 1.1.1." : bistep
45 error If you need help, you may report this error at:
45 error     <https://github.com/npm/npm/issues>
46 verbose exit [ 1, true ]
